<?xml version="1.0" encoding="UTF-8"?>
<testsuite xmlns:xsi="http://www.w3.org/2001/XMLSchema-instance" xsi:noNamespaceSchemaLocation="https://maven.apache.org/surefire/maven-surefire-plugin/xsd/surefire-test-report-3.0.xsd" version="3.0" name="com.udacity.catpoint.security.service.SecurityServiceTest" time="9.352" tests="17" errors="0" skipped="0" failures="0">
  <properties>
[...]
</properties>
  <testcase name="removeStatusListener" classname="com.udacity.catpoint.security.service.SecurityServiceTest" time="6.426"/>
  <testcase name="removeSensor" classname="com.udacity.catpoint.security.service.SecurityServiceTest" time="0.239"/>
  <testcase name="alarmStatusPendingActive_sensorsInactive_alarmStatusPending" classname="com.udacity.catpoint.security.service.SecurityServiceTest" time="0.354"/>
  <testcase name="addSensor" classname="com.udacity.catpoint.security.service.SecurityServiceTest" time="0.015"/>
  <testcase name="addStatusListener" classname="com.udacity.catpoint.security.service.SecurityServiceTest" time="0.073"/>
  <testcase name="setArmingStatus(String)[1]" classname="com.udacity.catpoint.security.service.SecurityServiceTest" time="0.155"/>
  <testcase name="setArmingStatus(String)[2]" classname="com.udacity.catpoint.security.service.SecurityServiceTest" time="0.045"/>
  <testcase name="setArmingStatus(String)[3]" classname="com.udacity.catpoint.security.service.SecurityServiceTest" time="0.05"/>
  <testcase name="changeSensorActivationStatus(String)[1]" classname="com.udacity.catpoint.security.service.SecurityServiceTest" time="0.072"/>
  <testcase name="changeSensorActivationStatus(String)[2]" classname="com.udacity.catpoint.security.service.SecurityServiceTest" time="0.059"/>
  <testcase name="changeSensorActivationStatus(String)[3]" classname="com.udacity.catpoint.security.service.SecurityServiceTest" time="0.065"/>
  <testcase name="changeSensorActivationStatus(String)[4]" classname="com.udacity.catpoint.security.service.SecurityServiceTest" time="0.018"/>
  <testcase name="changeSensorActivationStatus(String)[5]" classname="com.udacity.catpoint.security.service.SecurityServiceTest" time="0.024"/>
  <testcase name="changeSensorActivationStatus(String)[6]" classname="com.udacity.catpoint.security.service.SecurityServiceTest" time="0.011"/>
  <testcase name="processImage(String)[1]" classname="com.udacity.catpoint.security.service.SecurityServiceTest" time="0.678"/>
  <testcase name="processImage(String)[2]" classname="com.udacity.catpoint.security.service.SecurityServiceTest" time="0.034"/>
  <testcase name="processImage(String)[3]" classname="com.udacity.catpoint.security.service.SecurityServiceTest" time="0.013"/>
</testsuite>